TEST
BOOTSTRAP LOADED
[2026-05-14 12:05:17] PDOException: SQLSTATE[42S22]: Column not found: 1054 Unknown column 'irstname' in 'field list' in C:\laragon\www\learnCoding\Sql\workshop\Game_selling_website\repositories\UserRepository.php:22
Stack trace:
#0 C:\laragon\www\learnCoding\Sql\workshop\Game_selling_website\repositories\UserRepository.php(22): PDOStatement->execute()
#1 C:\laragon\www\learnCoding\Sql\workshop\Game_selling_website\services\AuthService.php(17): App\Repositories\UserRepository->findByEmail('user@gmail.com')
#2 C:\laragon\www\learnCoding\Sql\workshop\Game_selling_website\controllers\auth\AuthController.php(43): App\Services\AuthService->login('user@gmail.com', '1234')
#3 C:\laragon\www\learnCoding\Sql\workshop\Game_selling_website\routes\api.php(14): App\Controllers\Auth\AuthController->login()
#4 C:\laragon\www\learnCoding\Sql\workshop\Game_selling_website\routes\api.php(21): {closure}()
#5 C:\laragon\www\learnCoding\Sql\workshop\Game_selling_website\api.php(13): require('C:\\laragon\\www\\...')
#6 {main}
[2026-05-28 09:54:55] PDOException: SQLSTATE[42S22]: Column not found: 1054 Unknown column 'irstname' in 'field list' in C:\laragon\www\learnCoding\Sql\workshop\Game_selling_website\repositories\UserRepository.php:22
Stack trace:
#0 C:\laragon\www\learnCoding\Sql\workshop\Game_selling_website\repositories\UserRepository.php(22): PDOStatement->execute()
#1 C:\laragon\www\learnCoding\Sql\workshop\Game_selling_website\services\AuthService.php(17): App\Repositories\UserRepository->findByEmail('user@gmail.com')
#2 C:\laragon\www\learnCoding\Sql\workshop\Game_selling_website\controllers\auth\AuthController.php(43): App\Services\AuthService->login('user@gmail.com', '1234')
#3 C:\laragon\www\learnCoding\Sql\workshop\Game_selling_website\routes\api.php(14): App\Controllers\Auth\AuthController->login()
#4 C:\laragon\www\learnCoding\Sql\workshop\Game_selling_website\routes\api.php(21): {closure}()
#5 C:\laragon\www\learnCoding\Sql\workshop\Game_selling_website\api.php(13): require('C:\\laragon\\www\\...')
#6 {main}
[2026-05-28 09:55:46] PDOException: SQLSTATE[42S22]: Column not found: 1054 Unknown column 'irstname' in 'field list' in C:\laragon\www\learnCoding\Sql\workshop\Game_selling_website\repositories\UserRepository.php:22
Stack trace:
#0 C:\laragon\www\learnCoding\Sql\workshop\Game_selling_website\repositories\UserRepository.php(22): PDOStatement->execute()
#1 C:\laragon\www\learnCoding\Sql\workshop\Game_selling_website\services\AuthService.php(17): App\Repositories\UserRepository->findByEmail('user@gmail.com')
#2 C:\laragon\www\learnCoding\Sql\workshop\Game_selling_website\controllers\auth\AuthController.php(43): App\Services\AuthService->login('user@gmail.com', '1234')
#3 C:\laragon\www\learnCoding\Sql\workshop\Game_selling_website\routes\api.php(14): App\Controllers\Auth\AuthController->login()
#4 C:\laragon\www\learnCoding\Sql\workshop\Game_selling_website\routes\api.php(21): {closure}()
#5 C:\laragon\www\learnCoding\Sql\workshop\Game_selling_website\api.php(13): require('C:\\laragon\\www\\...')
#6 {main}
[2026-05-28 09:56:20] 
